<?xml version="1.0" encoding="UTF-8"?>
<!-- Generated by org.testng.reporters.JUnitReportReporter -->
<testsuite hostname="DESKTOP-OU80H79" failures="0" tests="1" name="com.app.one.SampleOne" time="0.024" errors="0" timestamp="27 May 2023 00:08:59 GMT" skipped="0">
  <testcase classname="com.app.one.SampleOne" name="test1" time="0.024"/>
</testsuite> <!-- com.app.one.SampleOne -->
