<?xml version="1.0" encoding="UTF-8"?>
<!-- Generated by org.testng.reporters.JUnitReportReporter -->
<testsuite hostname="DESKTOP-OU80H79" failures="0" tests="1" name="com.app.one.SampleTwo" time="7.284" errors="0" timestamp="28 May 2023 00:19:17 GMT" skipped="0">
  <testcase classname="com.app.one.SampleTwo" name="test1" time="7.284"/>
</testsuite> <!-- com.app.one.SampleTwo -->
